# JRE version: OpenJDK Runtime Environment (24.0.1+9) (build 24.0.1+9-30)
# Java VM: OpenJDK 64-Bit Server VM (24.0.1+9-30, mixed mode, emulated-client, sharing, tiered, compressed oops, compressed class ptrs, g1 gc, windows-amd64)
GC Precious Log:
 CardTable entry size: 512
 Card Set container configuration: InlinePtr #cards 5 size 8 Array Of Cards #cards 10 size 36 Howl #buckets 4 coarsen threshold 1843 Howl Bitmap #cards 512 size 80 coarsen threshold 460 Card regions per heap region 1 cards per card region 2048
 CPUs: 4 total, 4 available
 Memory: 7638M
 Large Page Support: Disabled
 NUMA Support: Disabled
 Compressed Oops: Enabled (32-bit)
 Heap Region Size: 1M
 Heap Min Capacity: 8M
 Heap Initial Capacity: 120M
 Heap Max Capacity: 1910M
 Pre-touch: Disabled
 Parallel Workers: 4
 Concurrent Workers: 1
 Concurrent Refinement Workers: 4
 Periodic GC: Disabled
Heap:
 garbage-first heap   total reserved 1955840K, committed 58368K, used 38464K [0x0000000088a00000, 0x0000000100000000)
  region size 1024K, 7 young (7168K), 2 survivors (2048K)
 Metaspace       used 65787K, committed 66432K, reserved 1114112K
  class space    used 7564K, committed 7872K, reserved 1048576K
GC Heap History (20 events):
Event: 32.159 GC heap before
{Heap before GC invocations=6 (full 0):
 garbage-first heap   total reserved 1955840K, committed 58368K, used 43604K [0x0000000088a00000, 0x0000000100000000)
  region size 1024K, 27 young (27648K), 3 survivors (3072K)
 Metaspace       used 31186K, committed 31616K, reserved 1114112K
  class space    used 3515K, committed 3712K, reserved 1048576K
}
Event: 32.167 GC heap after
{Heap after GC invocations=7 (full 0):
 garbage-first heap   total reserved 1955840K, committed 58368K, used 21950K [0x0000000088a00000, 0x0000000100000000)
  region size 1024K, 2 young (2048K), 2 survivors (2048K)
 Metaspace       used 31186K, committed 31616K, reserved 1114112K
  class space    used 3515K, committed 3712K, reserved 1048576K
}
Event: 33.673 GC heap before
{Heap before GC invocations=7 (full 0):
 garbage-first heap   total reserved 1955840K, committed 58368K, used 37310K [0x0000000088a00000, 0x0000000100000000)
  region size 1024K, 18 young (18432K), 2 survivors (2048K)
 Metaspace       used 35489K, committed 35968K, reserved 1114112K
  class space    used 3947K, committed 4160K, reserved 1048576K
}
Event: 33.678 GC heap after
{Heap after GC invocations=8 (full 0):
 garbage-first heap   total reserved 1955840K, committed 58368K, used 22706K [0x0000000088a00000, 0x0000000100000000)
  region size 1024K, 3 young (3072K), 3 survivors (3072K)
 Metaspace       used 35489K, committed 35968K, reserved 1114112K
  class space    used 3947K, committed 4160K, reserved 1048576K
}
Event: 37.821 GC heap before
{Heap before GC invocations=9 (full 0):
 garbage-first heap   total reserved 1955840K, committed 58368K, used 47282K [0x0000000088a00000, 0x0000000100000000)
  region size 1024K, 28 young (28672K), 3 survivors (3072K)
 Metaspace       used 45184K, committed 45696K, reserved 1114112K
  class space    used 4981K, committed 5184K, reserved 1048576K
}
Event: 37.831 GC heap after
{Heap after GC invocations=10 (full 0):
 garbage-first heap   total reserved 1955840K, committed 58368K, used 25826K [0x0000000088a00000, 0x0000000100000000)
  region size 1024K, 4 young (4096K), 4 survivors (4096K)
 Metaspace       used 45184K, committed 45696K, reserved 1114112K
  class space    used 4981K, committed 5184K, reserved 1048576K
}
Event: 39.806 GC heap before
{Heap before GC invocations=10 (full 0):
 garbage-first heap   total reserved 1955840K, committed 58368K, used 48354K [0x0000000088a00000, 0x0000000100000000)
  region size 1024K, 27 young (27648K), 4 survivors (4096K)
 Metaspace       used 53233K, committed 53696K, reserved 1114112K
  class space    used 5888K, committed 6080K, reserved 1048576K
}
Event: 39.815 GC heap after
{Heap after GC invocations=11 (full 0):
 garbage-first heap   total reserved 1955840K, committed 58368K, used 26983K [0x0000000088a00000, 0x0000000100000000)
  region size 1024K, 2 young (2048K), 2 survivors (2048K)
 Metaspace       used 53233K, committed 53696K, reserved 1114112K
  class space    used 5888K, committed 6080K, reserved 1048576K
}
Event: 41.694 GC heap before
{Heap before GC invocations=11 (full 0):
 garbage-first heap   total reserved 1955840K, committed 58368K, used 50535K [0x0000000088a00000, 0x0000000100000000)
  region size 1024K, 25 young (25600K), 2 survivors (2048K)
 Metaspace       used 57522K, committed 58048K, reserved 1114112K
  class space    used 6403K, committed 6656K, reserved 1048576K
}
Event: 41.701 GC heap after
{Heap after GC invocations=12 (full 0):
 garbage-first heap   total reserved 1955840K, committed 58368K, used 28146K [0x0000000088a00000, 0x0000000100000000)
  region size 1024K, 3 young (3072K), 3 survivors (3072K)
 Metaspace       used 57522K, committed 58048K, reserved 1114112K
  class space    used 6403K, committed 6656K, reserved 1048576K
}
Event: 43.091 GC heap before
{Heap before GC invocations=12 (full 0):
 garbage-first heap   total reserved 1955840K, committed 58368K, used 47602K [0x0000000088a00000, 0x0000000100000000)
  region size 1024K, 23 young (23552K), 3 survivors (3072K)
 Metaspace       used 59777K, committed 60288K, reserved 1114112K
  class space    used 6683K, committed 6912K, reserved 1048576K
}
Event: 43.099 GC heap after
{Heap after GC invocations=13 (full 0):
 garbage-first heap   total reserved 1955840K, committed 58368K, used 29035K [0x0000000088a00000, 0x0000000100000000)
  region size 1024K, 3 young (3072K), 3 survivors (3072K)
 Metaspace       used 59777K, committed 60288K, reserved 1114112K
  class space    used 6683K, committed 6912K, reserved 1048576K
}
Event: 43.625 GC heap before
{Heap before GC invocations=14 (full 0):
 garbage-first heap   total reserved 1955840K, committed 58368K, used 50539K [0x0000000088a00000, 0x0000000100000000)
  region size 1024K, 24 young (24576K), 3 survivors (3072K)
 Metaspace       used 60356K, committed 60928K, reserved 1114112K
  class space    used 6789K, committed 7040K, reserved 1048576K
}
Event: 43.632 GC heap after
{Heap after GC invocations=15 (full 0):
 garbage-first heap   total reserved 1955840K, committed 58368K, used 29917K [0x0000000088a00000, 0x0000000100000000)
  region size 1024K, 2 young (2048K), 2 survivors (2048K)
 Metaspace       used 60356K, committed 60928K, reserved 1114112K
  class space    used 6789K, committed 7040K, reserved 1048576K
}
Event: 44.681 GC heap before
{Heap before GC invocations=15 (full 0):
 garbage-first heap   total reserved 1955840K, committed 58368K, used 51421K [0x0000000088a00000, 0x0000000100000000)
  region size 1024K, 23 young (23552K), 2 survivors (2048K)
 Metaspace       used 62675K, committed 63296K, reserved 1114112K
  class space    used 7097K, committed 7360K, reserved 1048576K
}
Event: 44.694 GC heap after
{Heap after GC invocations=16 (full 0):
 garbage-first heap   total reserved 1955840K, committed 58368K, used 31849K [0x0000000088a00000, 0x0000000100000000)
  region size 1024K, 3 young (3072K), 3 survivors (3072K)
 Metaspace       used 62675K, committed 63296K, reserved 1114112K
  class space    used 7097K, committed 7360K, reserved 1048576K
}
Event: 45.493 GC heap before
{Heap before GC invocations=16 (full 0):
 garbage-first heap   total reserved 1955840K, committed 58368K, used 50281K [0x0000000088a00000, 0x0000000100000000)
  region size 1024K, 21 young (21504K), 3 survivors (3072K)
 Metaspace       used 63880K, committed 64512K, reserved 1114112K
  class space    used 7289K, committed 7552K, reserved 1048576K
}
Event: 45.502 GC heap after
{Heap after GC invocations=17 (full 0):
 garbage-first heap   total reserved 1955840K, committed 58368K, used 33740K [0x0000000088a00000, 0x0000000100000000)
  region size 1024K, 2 young (2048K), 2 survivors (2048K)
 Metaspace       used 63880K, committed 64512K, reserved 1114112K
  class space    used 7289K, committed 7552K, reserved 1048576K
}
Event: 143.480 GC heap before
{Heap before GC invocations=18 (full 0):
 garbage-first heap   total reserved 1955840K, committed 58368K, used 51148K [0x0000000088a00000, 0x0000000100000000)
  region size 1024K, 19 young (19456K), 2 survivors (2048K)
 Metaspace       used 65587K, committed 66240K, reserved 1114112K
  class space    used 7538K, committed 7808K, reserved 1048576K
}
Event: 143.487 GC heap after
{Heap after GC invocations=19 (full 0):
 garbage-first heap   total reserved 1955840K, committed 58368K, used 35392K [0x0000000088a00000, 0x0000000100000000)
  region size 1024K, 2 young (2048K), 2 survivors (2048K)
 Metaspace       used 65587K, committed 66240K, reserved 1114112K
  class space    used 7538K, committed 7808K, reserved 1048576K
}

